<?xml version="1.0" encoding="UTF-8"?>
<robot generator="Robot 6.0.1 (Python 3.10.7 on win32)" generated="20221205 14:08:15.513" rpa="false" schemaversion="3">
<suite id="s1" name="Test Login Rf" source="C:\Users\Olga\Documents\GitHub\my_robotframework\test_login_rf.robot">
<test id="s1-t1" name="Login to the system" line="30">
<kw name="Open login page">
<kw name="Open Browser" library="SeleniumLibrary">
<arg>${LOGIN URL}</arg>
<arg>${BROWSER}</arg>
<doc>Opens a new browser instance to the optional ``url``.</doc>
<msg timestamp="20221205 14:08:16.005" level="INFO">Opening browser 'Chrome' to base url 'https://scouts.futbolkolektyw.pl/en/'.</msg>
<status status="PASS" starttime="20221205 14:08:16.004" endtime="20221205 14:08:21.261"/>
</kw>
<kw name="Title Should Be" library="SeleniumLibrary">
<arg>Scouts panel - sign in</arg>
<doc>Verifies that the current page title equals ``title``.</doc>
<msg timestamp="20221205 14:08:21.269" level="INFO">Page title is 'Scouts panel - sign in'.</msg>
<status status="PASS" starttime="20221205 14:08:21.261" endtime="20221205 14:08:21.269"/>
</kw>
<status status="PASS" starttime="20221205 14:08:16.004" endtime="20221205 14:08:21.269"/>
</kw>
<kw name="Type in email">
<kw name="Input Text" library="SeleniumLibrary">
<arg>${EMAILINPUT}</arg>
<arg>user07@getnada.com</arg>
<doc>Types the given ``text`` into the text field identified by ``locator``.</doc>
<msg timestamp="20221205 14:08:21.272" level="INFO">Typing text 'user07@getnada.com' into text field 'xpath=//input[@id='login']'.</msg>
<status status="PASS" starttime="20221205 14:08:21.270" endtime="20221205 14:08:21.548"/>
</kw>
<status status="PASS" starttime="20221205 14:08:21.270" endtime="20221205 14:08:21.548"/>
</kw>
<kw name="Type in password">
<kw name="Input Text" library="SeleniumLibrary">
<arg>${PASSWORDINPUT}</arg>
<arg>Test-1234</arg>
<doc>Types the given ``text`` into the text field identified by ``locator``.</doc>
<msg timestamp="20221205 14:08:21.560" level="INFO">Typing text 'Test-1234' into text field 'xpath=//*[@id='password']'.</msg>
<status status="PASS" starttime="20221205 14:08:21.558" endtime="20221205 14:08:21.780"/>
</kw>
<status status="PASS" starttime="20221205 14:08:21.557" endtime="20221205 14:08:21.780"/>
</kw>
<kw name="Click on the Sign In button">
<kw name="Click Element" library="SeleniumLibrary">
<arg>xpath=//*[text()= 'Sign in']</arg>
<doc>Click the element identified by ``locator``.</doc>
<msg timestamp="20221205 14:08:21.785" level="INFO">Clicking element 'xpath=//*[text()= 'Sign in']'.</msg>
<status status="PASS" starttime="20221205 14:08:21.784" endtime="20221205 14:08:21.858"/>
</kw>
<status status="PASS" starttime="20221205 14:08:21.781" endtime="20221205 14:08:21.858"/>
</kw>
<kw name="Assert dashboard">
<kw name="Wait Until Element Is Visible" library="SeleniumLibrary">
<arg>(//h6)[1]</arg>
<arg>10</arg>
<doc>Waits until the element ``locator`` is visible.</doc>
<status status="PASS" starttime="20221205 14:08:21.859" endtime="20221205 14:08:28.361"/>
</kw>
<kw name="Title Should Be" library="SeleniumLibrary">
<arg>PANEL SKAUTINGOWY</arg>
<doc>Verifies that the current page title equals ``title``.</doc>
<msg timestamp="20221205 14:08:28.371" level="INFO">Page title is 'PANEL SKAUTINGOWY'.</msg>
<status status="PASS" starttime="20221205 14:08:28.361" endtime="20221205 14:08:28.371"/>
</kw>
<kw name="Capture Page Screenshot" library="SeleniumLibrary">
<arg>alert_dashboard.png</arg>
<doc>Takes a screenshot of the current page and embeds it into a log file.</doc>
<msg timestamp="20221205 14:08:28.590" level="INFO" html="true">&lt;/td&gt;&lt;/tr&gt;&lt;tr&gt;&lt;td colspan="3"&gt;&lt;a href="alert_dashboard.png"&gt;&lt;img src="alert_dashboard.png" width="800px"&gt;&lt;/a&gt;</msg>
<status status="PASS" starttime="20221205 14:08:28.372" endtime="20221205 14:08:28.590"/>
</kw>
<status status="PASS" starttime="20221205 14:08:21.859" endtime="20221205 14:08:28.591"/>
</kw>
<kw name="Close Browser" library="SeleniumLibrary" type="TEARDOWN">
<doc>Closes the current browser.</doc>
<status status="PASS" starttime="20221205 14:08:28.591" endtime="20221205 14:08:32.480"/>
</kw>
<status status="PASS" starttime="20221205 14:08:16.003" endtime="20221205 14:08:32.485"/>
</test>
<test id="s1-t2" name="Log out of the system" line="38">
<kw name="Open login page">
<kw name="Open Browser" library="SeleniumLibrary">
<arg>${LOGIN URL}</arg>
<arg>${BROWSER}</arg>
<doc>Opens a new browser instance to the optional ``url``.</doc>
<msg timestamp="20221205 14:08:32.494" level="INFO">Opening browser 'Chrome' to base url 'https://scouts.futbolkolektyw.pl/en/'.</msg>
<status status="PASS" starttime="20221205 14:08:32.493" endtime="20221205 14:08:37.495"/>
</kw>
<kw name="Title Should Be" library="SeleniumLibrary">
<arg>Scouts panel - sign in</arg>
<doc>Verifies that the current page title equals ``title``.</doc>
<msg timestamp="20221205 14:08:37.505" level="INFO">Page title is 'Scouts panel - sign in'.</msg>
<status status="PASS" starttime="20221205 14:08:37.495" endtime="20221205 14:08:37.505"/>
</kw>
<status status="PASS" starttime="20221205 14:08:32.493" endtime="20221205 14:08:37.506"/>
</kw>
<kw name="Type in email">
<kw name="Input Text" library="SeleniumLibrary">
<arg>${EMAILINPUT}</arg>
<arg>user07@getnada.com</arg>
<doc>Types the given ``text`` into the text field identified by ``locator``.</doc>
<msg timestamp="20221205 14:08:37.508" level="INFO">Typing text 'user07@getnada.com' into text field 'xpath=//input[@id='login']'.</msg>
<status status="PASS" starttime="20221205 14:08:37.507" endtime="20221205 14:08:37.999"/>
</kw>
<status status="PASS" starttime="20221205 14:08:37.506" endtime="20221205 14:08:38.000"/>
</kw>
<kw name="Type in password">
<kw name="Input Text" library="SeleniumLibrary">
<arg>${PASSWORDINPUT}</arg>
<arg>Test-1234</arg>
<doc>Types the given ``text`` into the text field identified by ``locator``.</doc>
<msg timestamp="20221205 14:08:38.003" level="INFO">Typing text 'Test-1234' into text field 'xpath=//*[@id='password']'.</msg>
<status status="PASS" starttime="20221205 14:08:38.001" endtime="20221205 14:08:38.483"/>
</kw>
<status status="PASS" starttime="20221205 14:08:38.001" endtime="20221205 14:08:38.484"/>
</kw>
<kw name="Click on the Sign In button">
<kw name="Click Element" library="SeleniumLibrary">
<arg>xpath=//*[text()= 'Sign in']</arg>
<doc>Click the element identified by ``locator``.</doc>
<msg timestamp="20221205 14:08:38.487" level="INFO">Clicking element 'xpath=//*[text()= 'Sign in']'.</msg>
<status status="PASS" starttime="20221205 14:08:38.485" endtime="20221205 14:08:38.581"/>
</kw>
<status status="PASS" starttime="20221205 14:08:38.485" endtime="20221205 14:08:38.581"/>
</kw>
<kw name="Click on the Log out">
<kw name="Wait Until Element Is Visible" library="SeleniumLibrary">
<arg>${SIGNOUT}</arg>
<arg>30</arg>
<doc>Waits until the element ``locator`` is visible.</doc>
<status status="PASS" starttime="20221205 14:08:38.595" endtime="20221205 14:08:44.277"/>
</kw>
<kw name="Click Element" library="SeleniumLibrary">
<arg>${SIGNOUT}</arg>
<doc>Click the element identified by ``locator``.</doc>
<msg timestamp="20221205 14:08:44.278" level="INFO">Clicking element 'xpath=//*[contains(@d, 'M13')]/../../..'.</msg>
<status status="PASS" starttime="20221205 14:08:44.277" endtime="20221205 14:08:44.401"/>
</kw>
<status status="PASS" starttime="20221205 14:08:38.594" endtime="20221205 14:08:44.402"/>
</kw>
<kw name="Assert loginpage">
<kw name="Wait Until Element Is Visible" library="SeleniumLibrary">
<arg>${PAGELOGO}</arg>
<doc>Waits until the element ``locator`` is visible.</doc>
<status status="PASS" starttime="20221205 14:08:44.403" endtime="20221205 14:08:44.437"/>
</kw>
<kw name="Title Should Be" library="SeleniumLibrary">
<arg>Scouts panel - sign in</arg>
<doc>Verifies that the current page title equals ``title``.</doc>
<msg timestamp="20221205 14:08:44.443" level="INFO">Page title is 'Scouts panel - sign in'.</msg>
<status status="PASS" starttime="20221205 14:08:44.437" endtime="20221205 14:08:44.443"/>
</kw>
<kw name="Capture Page Screenshot" library="SeleniumLibrary">
<arg>alert_loginpage.png</arg>
<doc>Takes a screenshot of the current page and embeds it into a log file.</doc>
<msg timestamp="20221205 14:08:44.684" level="INFO" html="true">&lt;/td&gt;&lt;/tr&gt;&lt;tr&gt;&lt;td colspan="3"&gt;&lt;a href="alert_loginpage.png"&gt;&lt;img src="alert_loginpage.png" width="800px"&gt;&lt;/a&gt;</msg>
<status status="PASS" starttime="20221205 14:08:44.444" endtime="20221205 14:08:44.684"/>
</kw>
<status status="PASS" starttime="20221205 14:08:44.402" endtime="20221205 14:08:44.685"/>
</kw>
<kw name="Close Browser" library="SeleniumLibrary" type="TEARDOWN">
<doc>Closes the current browser.</doc>
<status status="PASS" starttime="20221205 14:08:44.686" endtime="20221205 14:08:48.661"/>
</kw>
<status status="PASS" starttime="20221205 14:08:32.492" endtime="20221205 14:08:48.662"/>
</test>
<test id="s1-t3" name="Add new player" line="47">
<kw name="Open login page">
<kw name="Open Browser" library="SeleniumLibrary">
<arg>${LOGIN URL}</arg>
<arg>${BROWSER}</arg>
<doc>Opens a new browser instance to the optional ``url``.</doc>
<msg timestamp="20221205 14:08:48.669" level="INFO">Opening browser 'Chrome' to base url 'https://scouts.futbolkolektyw.pl/en/'.</msg>
<status status="PASS" starttime="20221205 14:08:48.668" endtime="20221205 14:08:53.325"/>
</kw>
<kw name="Title Should Be" library="SeleniumLibrary">
<arg>Scouts panel - sign in</arg>
<doc>Verifies that the current page title equals ``title``.</doc>
<msg timestamp="20221205 14:08:53.334" level="INFO">Page title is 'Scouts panel - sign in'.</msg>
<status status="PASS" starttime="20221205 14:08:53.325" endtime="20221205 14:08:53.334"/>
</kw>
<status status="PASS" starttime="20221205 14:08:48.668" endtime="20221205 14:08:53.334"/>
</kw>
<kw name="Type in email">
<kw name="Input Text" library="SeleniumLibrary">
<arg>${EMAILINPUT}</arg>
<arg>user07@getnada.com</arg>
<doc>Types the given ``text`` into the text field identified by ``locator``.</doc>
<msg timestamp="20221205 14:08:53.338" level="INFO">Typing text 'user07@getnada.com' into text field 'xpath=//input[@id='login']'.</msg>
<status status="PASS" starttime="20221205 14:08:53.337" endtime="20221205 14:08:53.665"/>
</kw>
<status status="PASS" starttime="20221205 14:08:53.336" endtime="20221205 14:08:53.665"/>
</kw>
<kw name="Type in password">
<kw name="Input Text" library="SeleniumLibrary">
<arg>${PASSWORDINPUT}</arg>
<arg>Test-1234</arg>
<doc>Types the given ``text`` into the text field identified by ``locator``.</doc>
<msg timestamp="20221205 14:08:53.674" level="INFO">Typing text 'Test-1234' into text field 'xpath=//*[@id='password']'.</msg>
<status status="PASS" starttime="20221205 14:08:53.672" endtime="20221205 14:08:53.841"/>
</kw>
<status status="PASS" starttime="20221205 14:08:53.671" endtime="20221205 14:08:53.841"/>
</kw>
<kw name="Click on the Sign In button">
<kw name="Click Element" library="SeleniumLibrary">
<arg>xpath=//*[text()= 'Sign in']</arg>
<doc>Click the element identified by ``locator``.</doc>
<msg timestamp="20221205 14:08:53.843" level="INFO">Clicking element 'xpath=//*[text()= 'Sign in']'.</msg>
<status status="PASS" starttime="20221205 14:08:53.842" endtime="20221205 14:08:53.938"/>
</kw>
<status status="PASS" starttime="20221205 14:08:53.842" endtime="20221205 14:08:53.938"/>
</kw>
<kw name="Click on Add player">
<kw name="Wait Until Element Is Visible" library="SeleniumLibrary">
<arg>${ADDPLAYER}</arg>
<arg>40</arg>
<doc>Waits until the element ``locator`` is visible.</doc>
<status status="PASS" starttime="20221205 14:08:53.942" endtime="20221205 14:08:59.213"/>
</kw>
<kw name="Click Element" library="SeleniumLibrary">
<arg>${ADDPLAYER}</arg>
<doc>Click the element identified by ``locator``.</doc>
<msg timestamp="20221205 14:08:59.214" level="INFO">Clicking element 'xpath=//*[text()='Add player']/../..'.</msg>
<status status="PASS" starttime="20221205 14:08:59.213" endtime="20221205 14:08:59.276"/>
</kw>
<status status="PASS" starttime="20221205 14:08:53.941" endtime="20221205 14:08:59.276"/>
</kw>
<kw name="Assert addPlayerPage">
<kw name="Wait Until Element Is Visible" library="SeleniumLibrary">
<arg>${NAMEINPUT}</arg>
<doc>Waits until the element ``locator`` is visible.</doc>
<status status="PASS" starttime="20221205 14:08:59.277" endtime="20221205 14:09:00.276"/>
</kw>
<kw name="Title Should Be" library="SeleniumLibrary">
<arg>Add player</arg>
<doc>Verifies that the current page title equals ``title``.</doc>
<msg timestamp="20221205 14:09:00.290" level="INFO">Page title is 'Add player'.</msg>
<status status="PASS" starttime="20221205 14:09:00.276" endtime="20221205 14:09:00.290"/>
</kw>
<status status="PASS" starttime="20221205 14:08:59.277" endtime="20221205 14:09:00.291"/>
</kw>
<kw name="Type in name">
<kw name="Input Text" library="SeleniumLibrary">
<arg>${NAMEINPUT}</arg>
<arg>Name</arg>
<doc>Types the given ``text`` into the text field identified by ``locator``.</doc>
<msg timestamp="20221205 14:09:00.293" level="INFO">Typing text 'Name' into text field 'xpath=//*[@name ='name']'.</msg>
<status status="PASS" starttime="20221205 14:09:00.292" endtime="20221205 14:09:00.472"/>
</kw>
<status status="PASS" starttime="20221205 14:09:00.291" endtime="20221205 14:09:00.472"/>
</kw>
<kw name="Type in surname">
<kw name="Input Text" library="SeleniumLibrary">
<arg>${SURNAMEINPUT}</arg>
<arg>Surname</arg>
<doc>Types the given ``text`` into the text field identified by ``locator``.</doc>
<msg timestamp="20221205 14:09:00.475" level="INFO">Typing text 'Surname' into text field 'xpath=//*[@name ='surname']'.</msg>
<status status="PASS" starttime="20221205 14:09:00.474" endtime="20221205 14:09:00.922"/>
</kw>
<status status="PASS" starttime="20221205 14:09:00.473" endtime="20221205 14:09:00.922"/>
</kw>
<kw name="Type in age">
<kw name="Input Text" library="SeleniumLibrary">
<arg>${AGEINPUT}</arg>
<arg>07/07/2007</arg>
<doc>Types the given ``text`` into the text field identified by ``locator``.</doc>
<msg timestamp="20221205 14:09:00.925" level="INFO">Typing text '07/07/2007' into text field 'xpath=//*[@name ='age']'.</msg>
<status status="PASS" starttime="20221205 14:09:00.924" endtime="20221205 14:09:01.426"/>
</kw>
<status status="PASS" starttime="20221205 14:09:00.923" endtime="20221205 14:09:01.427"/>
</kw>
<kw name="Type in Main position">
<kw name="Input Text" library="SeleniumLibrary">
<arg>${POSITIONINPUT}</arg>
<arg>first</arg>
<doc>Types the given ``text`` into the text field identified by ``locator``.</doc>
<msg timestamp="20221205 14:09:01.430" level="INFO">Typing text 'first' into text field 'xpath=//*[@name ='mainPosition']'.</msg>
<status status="PASS" starttime="20221205 14:09:01.428" endtime="20221205 14:09:01.775"/>
</kw>
<status status="PASS" starttime="20221205 14:09:01.428" endtime="20221205 14:09:01.775"/>
</kw>
<kw name="Type in Previous club">
<kw name="Input Text" library="SeleniumLibrary">
<arg>${PREVIOUSCLUB}</arg>
<arg>none</arg>
<doc>Types the given ``text`` into the text field identified by ``locator``.</doc>
<msg timestamp="20221205 14:09:01.781" level="INFO">Typing text 'none' into text field 'xpath=//*[@name ='exClub']'.</msg>
<status status="PASS" starttime="20221205 14:09:01.780" endtime="20221205 14:09:02.056"/>
</kw>
<status status="PASS" starttime="20221205 14:09:01.778" endtime="20221205 14:09:02.056"/>
</kw>
<kw name="Click on the Submit button">
<kw name="Click Element" library="SeleniumLibrary">
<arg>${SUBMITBUTTON}</arg>
<doc>Click the element identified by ``locator``.</doc>
<msg timestamp="20221205 14:09:02.060" level="INFO">Clicking element 'xpath=//*[@type='submit']'.</msg>
<status status="PASS" starttime="20221205 14:09:02.059" endtime="20221205 14:09:02.359"/>
</kw>
<status status="PASS" starttime="20221205 14:09:02.059" endtime="20221205 14:09:02.360"/>
</kw>
<kw name="Assert addplayer">
<kw name="Wait Until Element Is Not Visible" library="SeleniumLibrary">
<arg>${ADDPLAYER}</arg>
<arg>40</arg>
<doc>Waits until the element ``locator`` is not visible.</doc>
<status status="PASS" starttime="20221205 14:09:02.361" endtime="20221205 14:09:03.661"/>
</kw>
<kw name="Element Text Should Be" library="SeleniumLibrary">
<arg>//span[text()='Name Surname']</arg>
<arg>Name Surname</arg>
<doc>Verifies that element ``locator`` contains exact the text ``expected``.</doc>
<msg timestamp="20221205 14:09:03.665" level="INFO">Verifying element '//span[text()='Name Surname']' contains exact text 'Name Surname'.</msg>
<status status="PASS" starttime="20221205 14:09:03.661" endtime="20221205 14:09:03.725"/>
</kw>
<kw name="Capture Page Screenshot" library="SeleniumLibrary">
<arg>alert_addplayer.png</arg>
<doc>Takes a screenshot of the current page and embeds it into a log file.</doc>
<msg timestamp="20221205 14:09:04.090" level="INFO" html="true">&lt;/td&gt;&lt;/tr&gt;&lt;tr&gt;&lt;td colspan="3"&gt;&lt;a href="alert_addplayer.png"&gt;&lt;img src="alert_addplayer.png" width="800px"&gt;&lt;/a&gt;</msg>
<status status="PASS" starttime="20221205 14:09:03.726" endtime="20221205 14:09:04.090"/>
</kw>
<status status="PASS" starttime="20221205 14:09:02.361" endtime="20221205 14:09:04.090"/>
</kw>
<kw name="Close Browser" library="SeleniumLibrary" type="TEARDOWN">
<doc>Closes the current browser.</doc>
<status status="PASS" starttime="20221205 14:09:04.092" endtime="20221205 14:09:06.570"/>
</kw>
<status status="PASS" starttime="20221205 14:08:48.666" endtime="20221205 14:09:06.571"/>
</test>
<test id="s1-t4" name="Change language via dashboard" line="63">
<kw name="Open login page">
<kw name="Open Browser" library="SeleniumLibrary">
<arg>${LOGIN URL}</arg>
<arg>${BROWSER}</arg>
<doc>Opens a new browser instance to the optional ``url``.</doc>
<msg timestamp="20221205 14:09:06.574" level="INFO">Opening browser 'Chrome' to base url 'https://scouts.futbolkolektyw.pl/en/'.</msg>
<status status="PASS" starttime="20221205 14:09:06.574" endtime="20221205 14:09:11.824"/>
</kw>
<kw name="Title Should Be" library="SeleniumLibrary">
<arg>Scouts panel - sign in</arg>
<doc>Verifies that the current page title equals ``title``.</doc>
<msg timestamp="20221205 14:09:11.832" level="INFO">Page title is 'Scouts panel - sign in'.</msg>
<status status="PASS" starttime="20221205 14:09:11.824" endtime="20221205 14:09:11.832"/>
</kw>
<status status="PASS" starttime="20221205 14:09:06.573" endtime="20221205 14:09:11.833"/>
</kw>
<kw name="Type in email">
<kw name="Input Text" library="SeleniumLibrary">
<arg>${EMAILINPUT}</arg>
<arg>user07@getnada.com</arg>
<doc>Types the given ``text`` into the text field identified by ``locator``.</doc>
<msg timestamp="20221205 14:09:11.834" level="INFO">Typing text 'user07@getnada.com' into text field 'xpath=//input[@id='login']'.</msg>
<status status="PASS" starttime="20221205 14:09:11.834" endtime="20221205 14:09:12.144"/>
</kw>
<status status="PASS" starttime="20221205 14:09:11.833" endtime="20221205 14:09:12.145"/>
</kw>
<kw name="Type in password">
<kw name="Input Text" library="SeleniumLibrary">
<arg>${PASSWORDINPUT}</arg>
<arg>Test-1234</arg>
<doc>Types the given ``text`` into the text field identified by ``locator``.</doc>
<msg timestamp="20221205 14:09:12.151" level="INFO">Typing text 'Test-1234' into text field 'xpath=//*[@id='password']'.</msg>
<status status="PASS" starttime="20221205 14:09:12.149" endtime="20221205 14:09:12.351"/>
</kw>
<status status="PASS" starttime="20221205 14:09:12.148" endtime="20221205 14:09:12.351"/>
</kw>
<kw name="Click on the Sign In button">
<kw name="Click Element" library="SeleniumLibrary">
<arg>xpath=//*[text()= 'Sign in']</arg>
<doc>Click the element identified by ``locator``.</doc>
<msg timestamp="20221205 14:09:12.353" level="INFO">Clicking element 'xpath=//*[text()= 'Sign in']'.</msg>
<status status="PASS" starttime="20221205 14:09:12.352" endtime="20221205 14:09:12.423"/>
</kw>
<status status="PASS" starttime="20221205 14:09:12.352" endtime="20221205 14:09:12.423"/>
</kw>
<kw name="Click on the language">
<kw name="Wait Until Element Is Visible" library="SeleniumLibrary">
<arg>${DASHBOARDLANGUAGE}</arg>
<arg>10</arg>
<doc>Waits until the element ``locator`` is visible.</doc>
<status status="PASS" starttime="20221205 14:09:12.424" endtime="20221205 14:09:17.366"/>
</kw>
<kw name="Click Element" library="SeleniumLibrary">
<arg>${DASHBOARDLANGUAGE}</arg>
<doc>Click the element identified by ``locator``.</doc>
<msg timestamp="20221205 14:09:17.369" level="INFO">Clicking element 'xpath=//*[contains(@d, 'M12.')]/../../..'.</msg>
<status status="PASS" starttime="20221205 14:09:17.366" endtime="20221205 14:09:17.567"/>
</kw>
<status status="PASS" starttime="20221205 14:09:12.424" endtime="20221205 14:09:17.568"/>
</kw>
<kw name="Assert dashboardlang">
<kw name="Element Text Should Be" library="SeleniumLibrary">
<arg>${SIGNOUT}</arg>
<arg>Wyloguj się</arg>
<doc>Verifies that element ``locator`` contains exact the text ``expected``.</doc>
<msg timestamp="20221205 14:09:17.581" level="INFO">Verifying element 'xpath=//*[contains(@d, 'M13')]/../../..' contains exact text 'Wyloguj się'.</msg>
<status status="PASS" starttime="20221205 14:09:17.576" endtime="20221205 14:09:17.754"/>
</kw>
<kw name="Capture Page Screenshot" library="SeleniumLibrary">
<arg>alert_dashboardlang.png</arg>
<doc>Takes a screenshot of the current page and embeds it into a log file.</doc>
<msg timestamp="20221205 14:09:18.033" level="INFO" html="true">&lt;/td&gt;&lt;/tr&gt;&lt;tr&gt;&lt;td colspan="3"&gt;&lt;a href="alert_dashboardlang.png"&gt;&lt;img src="alert_dashboardlang.png" width="800px"&gt;&lt;/a&gt;</msg>
<status status="PASS" starttime="20221205 14:09:17.754" endtime="20221205 14:09:18.033"/>
</kw>
<status status="PASS" starttime="20221205 14:09:17.575" endtime="20221205 14:09:18.033"/>
</kw>
<kw name="Close Browser" library="SeleniumLibrary" type="TEARDOWN">
<doc>Closes the current browser.</doc>
<status status="PASS" starttime="20221205 14:09:18.034" endtime="20221205 14:09:20.514"/>
</kw>
<status status="PASS" starttime="20221205 14:09:06.573" endtime="20221205 14:09:20.515"/>
</test>
<test id="s1-t5" name="Change language via dropdown" line="72">
<kw name="Open login page">
<kw name="Open Browser" library="SeleniumLibrary">
<arg>${LOGIN URL}</arg>
<arg>${BROWSER}</arg>
<doc>Opens a new browser instance to the optional ``url``.</doc>
<msg timestamp="20221205 14:09:20.519" level="INFO">Opening browser 'Chrome' to base url 'https://scouts.futbolkolektyw.pl/en/'.</msg>
<status status="PASS" starttime="20221205 14:09:20.519" endtime="20221205 14:09:25.737"/>
</kw>
<kw name="Title Should Be" library="SeleniumLibrary">
<arg>Scouts panel - sign in</arg>
<doc>Verifies that the current page title equals ``title``.</doc>
<msg timestamp="20221205 14:09:25.743" level="INFO">Page title is 'Scouts panel - sign in'.</msg>
<status status="PASS" starttime="20221205 14:09:25.737" endtime="20221205 14:09:25.744"/>
</kw>
<status status="PASS" starttime="20221205 14:09:20.518" endtime="20221205 14:09:25.744"/>
</kw>
<kw name="Select language">
<kw name="Click Element" library="SeleniumLibrary">
<arg>${DROPDOWNLANGUAGE}</arg>
<doc>Click the element identified by ``locator``.</doc>
<msg timestamp="20221205 14:09:25.746" level="INFO">Clicking element 'xpath=//*[@aria-haspopup='listbox']'.</msg>
<status status="PASS" starttime="20221205 14:09:25.745" endtime="20221205 14:09:25.860"/>
</kw>
<kw name="Wait Until Element Is Visible" library="SeleniumLibrary">
<arg>${LISTLANGUAGE}</arg>
<doc>Waits until the element ``locator`` is visible.</doc>
<status status="PASS" starttime="20221205 14:09:25.860" endtime="20221205 14:09:25.990"/>
</kw>
<kw name="Click Element" library="SeleniumLibrary">
<arg>${DROPDOWNLANGCHOOSE}</arg>
<doc>Click the element identified by ``locator``.</doc>
<msg timestamp="20221205 14:09:25.992" level="INFO">Clicking element 'xpath=//*[@data-value = 'pl']'.</msg>
<status status="PASS" starttime="20221205 14:09:25.990" endtime="20221205 14:09:26.256"/>
</kw>
<status status="PASS" starttime="20221205 14:09:25.744" endtime="20221205 14:09:26.257"/>
</kw>
<kw name="Assert dropdownlang">
<kw name="Wait Until Element Is Visible" library="SeleniumLibrary">
<arg>${PAGELOGO}</arg>
<doc>Waits until the element ``locator`` is visible.</doc>
<status status="PASS" starttime="20221205 14:09:26.261" endtime="20221205 14:09:26.324"/>
</kw>
<kw name="Element Text Should Be" library="SeleniumLibrary">
<arg>${WRONGPASSTEXT}</arg>
<arg>Przypomnij hasło</arg>
<doc>Verifies that element ``locator`` contains exact the text ``expected``.</doc>
<msg timestamp="20221205 14:09:26.327" level="INFO">Verifying element 'xpath=//a' contains exact text 'Przypomnij hasło'.</msg>
<status status="PASS" starttime="20221205 14:09:26.325" endtime="20221205 14:09:26.419"/>
</kw>
<kw name="Capture Page Screenshot" library="SeleniumLibrary">
<arg>alert_dropdownlang.png</arg>
<doc>Takes a screenshot of the current page and embeds it into a log file.</doc>
<msg timestamp="20221205 14:09:26.867" level="INFO" html="true">&lt;/td&gt;&lt;/tr&gt;&lt;tr&gt;&lt;td colspan="3"&gt;&lt;a href="alert_dropdownlang.png"&gt;&lt;img src="alert_dropdownlang.png" width="800px"&gt;&lt;/a&gt;</msg>
<status status="PASS" starttime="20221205 14:09:26.419" endtime="20221205 14:09:26.867"/>
</kw>
<status status="PASS" starttime="20221205 14:09:26.260" endtime="20221205 14:09:26.867"/>
</kw>
<kw name="Close Browser" library="SeleniumLibrary" type="TEARDOWN">
<doc>Closes the current browser.</doc>
<status status="PASS" starttime="20221205 14:09:26.868" endtime="20221205 14:09:30.437"/>
</kw>
<status status="PASS" starttime="20221205 14:09:20.517" endtime="20221205 14:09:30.475"/>
</test>
<doc>Suite description #automated tests for scout website</doc>
<status status="PASS" starttime="20221205 14:08:15.517" endtime="20221205 14:09:30.626"/>
</suite>
<statistics>
<total>
<stat pass="5" fail="0" skip="0">All Tests</stat>
</total>
<tag>
</tag>
<suite>
<stat pass="5" fail="0" skip="0" id="s1" name="Test Login Rf">Test Login Rf</stat>
</suite>
</statistics>
<errors>
</errors>
</robot>
